<?xml version="1.0" encoding="UTF-8"?>
<testsuite xmlns:xsi="http://www.w3.org/2001/XMLSchema-instance" xsi:noNamespaceSchemaLocation="https://maven.apache.org/surefire/maven-surefire-plugin/xsd/surefire-test-report.xsd" name="gr.spinellis.ckjm.MetricsFilterTest" time="1.055" tests="1" errors="1" skipped="0" failures="0">
  <properties>
[...]
</properties>
  <testcase name="test" classname="gr.spinellis.ckjm.MetricsFilterTest" time="1.021">
    <error type="java.lang.NullPointerException">java.lang.NullPointerException
	at gr.spinellis.ckjm.MetricsFilterTest.test(MetricsFilterTest.java:35)
</error>
    <system-err><![CDATA[Error loading 8\SRE\Project\SRE_CKJM_PROJECT_FAST\target\classes\gr\spinellis\ckjm\MetricsFilter.class from D:\FAST\Semester: java.nio.file.NoSuchFileException: D:\FAST\Semester
]]></system-err>
  </testcase>
</testsuite>